# JRE version: OpenJDK Runtime Environment (11.0.28+6) (build 11.0.28+6-post-Ubuntu-1ubuntu122.04.1)
# Java VM: OpenJDK 64-Bit Server VM (11.0.28+6-post-Ubuntu-1ubuntu122.04.1, mixed mode, sharing, tiered, compressed oops, g1 gc, linux-amd64)
Heap:
 garbage-first heap   total 276480K, used 89633K [0x0000000085800000, 0x0000000100000000)
  region size 1024K, 67 young (68608K), 2 survivors (2048K)
 Metaspace       used 13736K, capacity 14746K, committed 14976K, reserved 1062912K
  class space    used 1604K, capacity 2058K, committed 2176K, reserved 1048576K
GC Heap History (20 events):
Event: 353.120 GC heap before
{Heap before GC invocations=2033 (full 2):
 garbage-first heap   total 729088K, used 447363K [0x0000000085800000, 0x0000000100000000)
  region size 1024K, 130 young (133120K), 13 survivors (13312K)
 Metaspace       used 11924K, capacity 12650K, committed 13056K, reserved 1060864K
  class space    used 1329K, capacity 1668K, committed 1792K, reserved 1048576K
}
Event: 353.135 GC heap after
{Heap after GC invocations=2034 (full 2):
 garbage-first heap   total 729088K, used 362143K [0x0000000085800000, 0x0000000100000000)
  region size 1024K, 17 young (17408K), 17 survivors (17408K)
 Metaspace       used 11924K, capacity 12650K, committed 13056K, reserved 1060864K
  class space    used 1329K, capacity 1668K, committed 1792K, reserved 1048576K
}
Event: 353.219 GC heap before
{Heap before GC invocations=2034 (full 2):
 garbage-first heap   total 729088K, used 447135K [0x0000000085800000, 0x0000000100000000)
  region size 1024K, 101 young (103424K), 17 survivors (17408K)
 Metaspace       used 11924K, capacity 12650K, committed 13056K, reserved 1060864K
  class space    used 1329K, capacity 1668K, committed 1792K, reserved 1048576K
}
Event: 353.245 GC heap after
{Heap after GC invocations=2035 (full 2):
 garbage-first heap   total 729088K, used 400374K [0x0000000085800000, 0x0000000100000000)
  region size 1024K, 16 young (16384K), 16 survivors (16384K)
 Metaspace       used 11924K, capacity 12650K, committed 13056K, reserved 1060864K
  class space    used 1329K, capacity 1668K, committed 1792K, reserved 1048576K
}
Event: 357.417 GC heap before
{Heap before GC invocations=2036 (full 2):
 garbage-first heap   total 729088K, used 505846K [0x0000000085800000, 0x0000000100000000)
  region size 1024K, 111 young (113664K), 16 survivors (16384K)
 Metaspace       used 12139K, capacity 12967K, committed 13056K, reserved 1060864K
  class space    used 1365K, capacity 1748K, committed 1792K, reserved 1048576K
}
Event: 357.430 GC heap after
{Heap after GC invocations=2037 (full 2):
 garbage-first heap   total 1228800K, used 424950K [0x0000000085800000, 0x0000000100000000)
  region size 1024K, 14 young (14336K), 14 survivors (14336K)
 Metaspace       used 12139K, capacity 12967K, committed 13056K, reserved 1060864K
  class space    used 1365K, capacity 1748K, committed 1792K, reserved 1048576K
}
Event: 358.099 GC heap before
{Heap before GC invocations=2037 (full 2):
 garbage-first heap   total 1228800K, used 665590K [0x0000000085800000, 0x0000000100000000)
  region size 1024K, 249 young (254976K), 14 survivors (14336K)
 Metaspace       used 12139K, capacity 12967K, committed 13056K, reserved 1060864K
  class space    used 1365K, capacity 1748K, committed 1792K, reserved 1048576K
}
Event: 358.113 GC heap after
{Heap after GC invocations=2038 (full 2):
 garbage-first heap   total 1228800K, used 425635K [0x0000000085800000, 0x0000000100000000)
  region size 1024K, 15 young (15360K), 15 survivors (15360K)
 Metaspace       used 12139K, capacity 12967K, committed 13056K, reserved 1060864K
  class space    used 1365K, capacity 1748K, committed 1792K, reserved 1048576K
}
Event: 359.010 GC heap before
{Heap before GC invocations=2039 (full 2):
 garbage-first heap   total 1228800K, used 407715K [0x0000000085800000, 0x0000000100000000)
  region size 1024K, 278 young (284672K), 15 survivors (15360K)
 Metaspace       used 12174K, capacity 12982K, committed 13056K, reserved 1060864K
  class space    used 1365K, capacity 1748K, committed 1792K, reserved 1048576K
}
Event: 359.011 GC heap after
{Heap after GC invocations=2040 (full 2):
 garbage-first heap   total 1228800K, used 125064K [0x0000000085800000, 0x0000000100000000)
  region size 1024K, 2 young (2048K), 2 survivors (2048K)
 Metaspace       used 12174K, capacity 12982K, committed 13056K, reserved 1060864K
  class space    used 1365K, capacity 1748K, committed 1792K, reserved 1048576K
}
Event: 359.855 GC heap before
{Heap before GC invocations=2040 (full 2):
 garbage-first heap   total 1228800K, used 437384K [0x0000000085800000, 0x0000000100000000)
  region size 1024K, 308 young (315392K), 2 survivors (2048K)
 Metaspace       used 12176K, capacity 12982K, committed 13056K, reserved 1060864K
  class space    used 1365K, capacity 1748K, committed 1792K, reserved 1048576K
}
Event: 359.906 GC heap after
{Heap after GC invocations=2041 (full 3):
 garbage-first heap   total 276480K, used 78605K [0x0000000085800000, 0x0000000100000000)
  region size 1024K, 0 young (0K), 0 survivors (0K)
 Metaspace       used 12176K, capacity 12982K, committed 13056K, reserved 1060864K
  class space    used 1365K, capacity 1748K, committed 1792K, reserved 1048576K
}
Event: 359.922 GC heap before
{Heap before GC invocations=2041 (full 3):
 garbage-first heap   total 276480K, used 78605K [0x0000000085800000, 0x0000000100000000)
  region size 1024K, 1 young (1024K), 0 survivors (0K)
 Metaspace       used 12176K, capacity 12982K, committed 13056K, reserved 1060864K
  class space    used 1365K, capacity 1748K, committed 1792K, reserved 1048576K
}
Event: 359.923 GC heap after
{Heap after GC invocations=2042 (full 3):
 garbage-first heap   total 276480K, used 78991K [0x0000000085800000, 0x0000000100000000)
  region size 1024K, 1 young (1024K), 1 survivors (1024K)
 Metaspace       used 12176K, capacity 12982K, committed 13056K, reserved 1060864K
  class space    used 1365K, capacity 1748K, committed 1792K, reserved 1048576K
}
Event: 360.159 GC heap before
{Heap before GC invocations=2043 (full 3):
 garbage-first heap   total 276480K, used 184463K [0x0000000085800000, 0x0000000100000000)
  region size 1024K, 99 young (101376K), 1 survivors (1024K)
 Metaspace       used 12176K, capacity 12982K, committed 13056K, reserved 1060864K
  class space    used 1365K, capacity 1748K, committed 1792K, reserved 1048576K
}
Event: 360.160 GC heap after
{Heap after GC invocations=2044 (full 3):
 garbage-first heap   total 276480K, used 83866K [0x0000000085800000, 0x0000000100000000)
  region size 1024K, 1 young (1024K), 1 survivors (1024K)
 Metaspace       used 12176K, capacity 12982K, committed 13056K, reserved 1060864K
  class space    used 1365K, capacity 1748K, committed 1792K, reserved 1048576K
}
Event: 369.862 GC heap before
{Heap before GC invocations=2044 (full 3):
 garbage-first heap   total 276480K, used 131994K [0x0000000085800000, 0x0000000100000000)
  region size 1024K, 49 young (50176K), 1 survivors (1024K)
 Metaspace       used 12695K, capacity 13465K, committed 13696K, reserved 1060864K
  class space    used 1429K, capacity 1803K, committed 1920K, reserved 1048576K
}
Event: 369.866 GC heap after
{Heap after GC invocations=2045 (full 3):
 garbage-first heap   total 276480K, used 78847K [0x0000000085800000, 0x0000000100000000)
  region size 1024K, 1 young (1024K), 1 survivors (1024K)
 Metaspace       used 12695K, capacity 13465K, committed 13696K, reserved 1060864K
  class space    used 1429K, capacity 1803K, committed 1920K, reserved 1048576K
}
Event: 370.226 GC heap before
{Heap before GC invocations=2046 (full 3):
 garbage-first heap   total 276480K, used 24575K [0x0000000085800000, 0x0000000100000000)
  region size 1024K, 9 young (9216K), 1 survivors (1024K)
 Metaspace       used 13573K, capacity 14578K, committed 14848K, reserved 1062912K
  class space    used 1582K, capacity 2026K, committed 2048K, reserved 1048576K
}
Event: 370.228 GC heap after
{Heap after GC invocations=2047 (full 3):
 garbage-first heap   total 276480K, used 18977K [0x0000000085800000, 0x0000000100000000)
  region size 1024K, 2 young (2048K), 2 survivors (2048K)
 Metaspace       used 13573K, capacity 14578K, committed 14848K, reserved 1062912K
  class space    used 1582K, capacity 2026K, committed 2048K, reserved 1048576K
}

